*** 17:51:23.7 : Build started [5/4/2006]  File: md5.ogbld


>>> 17:51:23.7 : DEAB Read Build File started

>>> 17:51:23.8 : DEAB Expand & Verify TL&D VI Paths started

>>> 17:51:23.9 : Load VIs into Memory started

10 VIs have been loaded

>>> 17:51:24.0 : Test VIs need be Unloaded started

>>> 17:51:24.1 : Test for VI Unsaved Changes started

>>> 17:51:24.1 : Generate Resources Copy Info started

>>> 17:51:24.2 : Generate VI Building Info started

>>> 17:51:24.3 : Revise Ambiguous VIs Destination started

>>> 17:51:24.3 : Verify if Sources can be Removed started

>>> 17:51:24.4 : Create Target Dirs and LLBs started

>>> 17:51:24.5 : Set VI Properties started

>>> 17:51:24.5 : Set Custom VI Properties started

>>> 17:51:24.6 : Save VIs to Destination started

10 VIs have been saved

>>> 17:51:25.4 : UnLoad Top-Level and Dynamic VIs started

>>> 17:51:25.5 : Copy Resource Files and Relink VIs started

0 Resource files have been copied

>>> 17:51:25.6 : Set Top Level VIs in LLBs started

>>> 17:51:25.6 : Convert LLBs to EXEs started

>>> 17:51:25.7 : Copy Support Files started

0 Support files have been copied


*** 17:51:25.7 : Build finished


#########################
Ambiguous VIs information
#########################

None


#########################
VIs not included to build
#########################

None


#############################
Non-VIs not included to build
#############################

*** Summary ***

1  : C:\Program Files\National Instruments\LabVIEW 6.1\help\CryptoG\Crypto Help.hlp (Help file)

*** Linking details ***

1  : C:\Program Files\National Instruments\LabVIEW 6.1\help\CryptoG\Crypto Help.hlp (Help file)
Referred in:
Instrument: D:\Projects\OpenG\opengtoolkit\CVS_Folders\md5\source\public\MD5 Message Digest.vi

